<?xml version="1.0" encoding="UTF-8"?>
<testng-results skipped="0" failed="0" ignored="0" total="1" passed="1">
  <reporter-output>
  </reporter-output>
  <suite name="Default suite" duration-ms="21296" started-at="2019-08-19T03:03:23Z" finished-at="2019-08-19T03:03:45Z">
    <groups>
    </groups>
    <test name="Default test" duration-ms="21296" started-at="2019-08-19T03:03:23Z" finished-at="2019-08-19T03:03:45Z">
      <class name="DriverFactory.AppTest">
        <test-method status="PASS" signature="kickStart()[pri:0, instance:DriverFactory.AppTest@63440df3]" name="kickStart" duration-ms="21255" started-at="2019-08-19T03:03:23Z" finished-at="2019-08-19T03:03:45Z">
          <reporter-output>
          </reporter-output>
        </test-method> <!-- kickStart -->
      </class> <!-- DriverFactory.AppTest -->
    </test> <!-- Default test -->
  </suite> <!-- Default suite -->
</testng-results>
